TN:
SF:src/Kernel.sol
FN:28,Kernel.
FNDA:0,Kernel.
DA:29,0
BRDA:29,0,0,-
BRDA:29,0,1,-
DA:30,0
DA:31,0
FN:48,Kernel.execute
FNDA:0,Kernel.execute
DA:49,0
BRDA:49,1,0,-
BRDA:49,1,1,-
DA:50,0
DA:51,0
DA:52,0
BRDA:52,2,0,-
BRDA:52,2,1,-
DA:53,0
DA:55,0
DA:57,0
BRDA:57,3,0,-
BRDA:57,3,1,-
FN:70,Kernel.validateUserOp
FNDA:3,Kernel.validateUserOp
DA:74,3
BRDA:74,4,0,-
BRDA:74,4,1,3
DA:76,3
DA:77,3
BRDA:77,5,0,-
BRDA:77,5,1,3
DA:79,0
DA:84,3
BRDA:84,6,0,-
BRDA:84,6,1,3
DA:86,3
DA:87,3
DA:88,3
DA:90,0
DA:91,0
DA:92,0
BRDA:92,7,0,-
BRDA:92,7,1,-
DA:93,0
DA:94,0
BRDA:94,8,0,-
BRDA:94,8,1,-
DA:95,0
DA:97,0
BRDA:97,9,0,-
BRDA:97,9,1,-
DA:102,0
DA:103,0
DA:104,0
DA:105,0
BRDA:105,10,0,-
BRDA:105,10,1,-
DA:106,0
DA:108,0
DA:112,0
DA:115,3
BRDA:115,11,0,-
BRDA:115,11,1,3
DA:117,3
DA:119,3
FN:123,Kernel._approveValidator
FNDA:0,Kernel._approveValidator
DA:128,0
DA:129,0
DA:130,0
DA:131,0
DA:141,0
DA:147,0
DA:148,0
FN:151,Kernel.isValidSignature
FNDA:1,Kernel.isValidSignature
DA:152,1
DA:153,1
DA:154,1
BRDA:154,12,0,-
BRDA:154,12,1,1
DA:155,0
DA:157,1
BRDA:157,13,0,-
BRDA:157,13,1,1
DA:158,0
DA:160,1
BRDA:160,14,0,-
BRDA:160,14,1,1
DA:161,0
DA:164,1
FNF:5
FNH:2
LF:51
LH:16
BRF:30
BRH:7
end_of_record
TN:
SF:src/abstract/Compatibility.sol
FN:7,Compatibility.onERC721Received
FNDA:0,Compatibility.onERC721Received
DA:8,0
FN:11,Compatibility.onERC1155Received
FNDA:0,Compatibility.onERC1155Received
DA:12,0
FN:15,Compatibility.onERC1155BatchReceived
FNDA:0,Compatibility.onERC1155BatchReceived
DA:20,0
FNF:3
FNH:0
LF:3
LH:0
BRF:0
BRH:0
end_of_record
TN:
SF:src/abstract/KernelStorage.sol
FN:44,KernelStorage.initialize
FNDA:2,KernelStorage.initialize
DA:45,2
DA:46,2
BRDA:46,0,0,1
BRDA:46,0,1,1
DA:47,1
DA:48,1
FN:54,KernelStorage.getKernelStorage
FNDA:15,KernelStorage.getKernelStorage
DA:55,15
DA:57,15
FN:61,KernelStorage.upgradeTo
FNDA:0,KernelStorage.upgradeTo
DA:62,0
DA:66,0
FN:70,KernelStorage.getNonce
FNDA:0,KernelStorage.getNonce
DA:71,0
FN:74,KernelStorage.getNonce
FNDA:0,KernelStorage.getNonce
DA:75,0
FN:79,KernelStorage.getDefaultValidator
FNDA:1,KernelStorage.getDefaultValidator
DA:80,1
FN:83,KernelStorage.getDisabledMode
FNDA:1,KernelStorage.getDisabledMode
DA:84,1
FN:87,KernelStorage.getExecution
FNDA:1,KernelStorage.getExecution
DA:88,1
FN:92,KernelStorage.setExecution
FNDA:1,KernelStorage.setExecution
DA:96,1
FN:99,KernelStorage.setDefaultValidator
FNDA:1,KernelStorage.setDefaultValidator
DA:100,1
FN:103,KernelStorage.disableMode
FNDA:1,KernelStorage.disableMode
DA:104,1
FNF:11
FNH:8
LF:16
LH:12
BRF:2
BRH:2
end_of_record
TN:
SF:src/actions/ERC721Actions.sol
FN:7,ERC721Actions.transferERC721Action
FNDA:0,ERC721Actions.transferERC721Action
DA:8,0
FNF:1
FNH:0
LF:1
LH:0
BRF:0
BRH:0
end_of_record
TN:
SF:src/factory/EIP1967Proxy.sol
FN:24,EIP1967Proxy.
FNDA:11,EIP1967Proxy.
DA:25,11
FN:46,EIP1967Proxy._implementation
FNDA:11,EIP1967Proxy._implementation
DA:47,11
DA:49,11
FNF:2
FNH:2
LF:3
LH:3
BRF:0
BRH:0
end_of_record
TN:
SF:src/test/TestCounter.sol
FN:8,TestCounter.increment
FNDA:0,TestCounter.increment
DA:9,0
FNF:1
FNH:0
LF:1
LH:0
BRF:0
BRH:0
end_of_record
TN:
SF:src/test/TestValidator.sol
FN:7,TestValidator.validateSignature
FNDA:0,TestValidator.validateSignature
DA:8,0
FN:11,TestValidator.validateUserOp
FNDA:0,TestValidator.validateUserOp
DA:12,0
FN:15,TestValidator.enable
FNDA:0,TestValidator.enable
FN:17,TestValidator.disable
FNDA:0,TestValidator.disable
FNF:4
FNH:0
LF:2
LH:0
BRF:0
BRH:0
end_of_record
TN:
SF:src/utils/Exec.sol
FN:15,Exec.call
FNDA:0,Exec.call
DA:20,0
DA:26,0
FN:30,Exec.staticcall
FNDA:0,Exec.staticcall
DA:32,0
DA:38,0
FN:42,Exec.delegateCall
FNDA:0,Exec.delegateCall
DA:44,0
DA:50,0
FNF:3
FNH:0
LF:6
LH:0
BRF:0
BRH:0
end_of_record
TN:
SF:src/validator/ECDSAValidator.sol
FN:20,ECDSAValidator.disable
FNDA:0,ECDSAValidator.disable
DA:21,0
FN:24,ECDSAValidator.enable
FNDA:1,ECDSAValidator.enable
DA:25,1
DA:26,1
DA:27,1
DA:28,1
FN:31,ECDSAValidator.validateUserOp
FNDA:3,ECDSAValidator.validateUserOp
DA:37,3
DA:38,3
BRDA:38,0,0,-
BRDA:38,0,1,3
DA:39,0
DA:42,3
DA:43,3
DA:44,3
BRDA:44,1,0,-
BRDA:44,1,1,3
DA:45,0
FN:49,ECDSAValidator.validateSignature
FNDA:1,ECDSAValidator.validateSignature
DA:50,1
DA:51,1
FNF:4
FNH:3
LF:14
LH:11
BRF:4
BRH:2
end_of_record
TN:
SF:test/foundry/ERC4337Utils.sol
FN:9,ERC4337Utils.fillUserOp
FNDA:0,ERC4337Utils.fillUserOp
DA:14,0
DA:15,0
DA:16,0
DA:17,0
DA:18,0
DA:19,0
DA:20,0
DA:21,0
FN:24,ERC4337Utils.signUserOpHash
FNDA:0,ERC4337Utils.signUserOpHash
DA:29,0
DA:30,0
DA:31,0
FNF:2
FNH:0
LF:11
LH:0
BRF:0
BRH:0
end_of_record
