TN:
SF:src/Kernel.sol
DA:20,0
FN:20,Kernel.onlyEntryPointOrSelf
FNDA:0,Kernel.onlyEntryPointOrSelf
DA:21,0
BRDA:21,0,0,-
BRDA:21,0,1,9
DA:25,14
FN:25,Kernel.constructor
FNDA:14,Kernel.constructor
DA:26,14
DA:29,14
FN:29,Kernel._domainNameAndVersion
FNDA:14,Kernel._domainNameAndVersion
DA:30,14
DA:31,14
DA:41,0
FN:41,Kernel.validateUserOp
FNDA:0,Kernel.validateUserOp
DA:47,0
DA:48,0
DA:50,0
BRDA:50,1,0,-
DA:51,0
DA:57,0
FN:57,Kernel._processUserOp
FNDA:0,Kernel._processUserOp
DA:64,0
DA:65,0
DA:66,0
BRDA:66,2,0,-
DA:67,0
DA:68,0
DA:70,0
DA:72,0
DA:73,0
DA:74,0
DA:76,0
DA:77,0
DA:80,0
FN:80,Kernel.isValidSignature
FNDA:0,Kernel.isValidSignature
DA:83,0
FN:83,Kernel.executeUserOp
FNDA:0,Kernel.executeUserOp
DA:84,0
DA:87,9
FN:87,Kernel.execute
FNDA:9,Kernel.execute
DA:88,9
DA:91,3
FN:91,Kernel.executeFromExecutor
FNDA:3,Kernel.executeFromExecutor
DA:92,3
DA:95,0
FN:95,Kernel._fallback
FNDA:0,Kernel._fallback
DA:96,0
DA:97,0
DA:98,0
BRDA:98,3,0,-
DA:99,0
DA:101,0
DA:102,0
BRDA:102,4,0,-
DA:103,0
DA:106,0
DA:107,0
BRDA:107,5,0,-
BRDA:107,5,1,-
DA:108,0
DA:109,0
BRDA:109,6,0,-
DA:110,0
DA:112,0
BRDA:112,7,0,-
DA:113,0
DA:115,0
BRDA:115,8,0,-
DA:116,0
DA:126,15
FN:126,Kernel.installModule
FNDA:15,Kernel.installModule
DA:127,15
DA:129,15
DA:131,15
DA:134,0
FN:134,Kernel.setRoot
FNDA:0,Kernel.setRoot
DA:135,0
DA:139,0
FN:139,Kernel.installModule
FNDA:0,Kernel.installModule
DA:140,0
BRDA:140,9,0,-
BRDA:140,9,1,-
DA:142,0
BRDA:142,10,0,-
BRDA:142,10,1,-
DA:143,0
DA:147,0
BRDA:147,11,0,-
BRDA:147,11,1,-
DA:148,0
DA:149,0
DA:150,0
DA:154,0
FN:154,Kernel._verifyInstallSignature
FNDA:0,Kernel._verifyInstallSignature
DA:159,0
DA:160,0
DA:161,0
DA:162,0
DA:172,0
DA:175,0
FN:175,Kernel.fallback
FNDA:0,Kernel.fallback
DA:176,0
FNF:15
FNH:5
LF:70
LH:13
BRF:17
BRH:1
end_of_record
TN:
SF:src/KernelFactory.sol
DA:10,14
FN:10,KernelFactory.constructor
FNDA:14,KernelFactory.constructor
DA:11,14
DA:14,15
FN:14,KernelFactory.deploy
FNDA:15,KernelFactory.deploy
DA:15,15
DA:16,15
DA:17,15
DA:20,0
FN:20,KernelFactory.deployWithAdditionalPackage
FNDA:0,KernelFactory.deployWithAdditionalPackage
DA:21,0
DA:22,0
DA:24,0
DA:25,0
DA:26,0
FNF:3
FNH:2
LF:12
LH:6
BRF:0
BRH:0
end_of_record
TN:
SF:src/Lib4337.sol
DA:24,0
FN:24,Lib4337.chainAgnosticUserOpHash
FNDA:0,Lib4337.chainAgnosticUserOpHash
DA:25,0
DA:26,0
DA:27,0
DA:32,0
FN:32,Lib4337._hashTypedDataSansChainId
FNDA:0,Lib4337._hashTypedDataSansChainId
DA:37,0
DA:40,0
DA:41,0
DA:42,0
DA:43,0
DA:44,0
DA:46,0
DA:47,0
DA:48,0
DA:49,0
DA:50,0
DA:51,0
FNF:2
FNH:0
LF:17
LH:0
BRF:0
BRH:0
end_of_record
TN:
SF:src/core/ExecutionManager.sol
DA:7,12
FN:7,ExecutionManager._execute
FNDA:12,ExecutionManager._execute
DA:8,12
DA:9,12
DA:10,12
DA:11,12
BRDA:11,0,0,9
BRDA:11,0,1,-
DA:12,9
DA:13,3
BRDA:13,1,0,3
BRDA:13,1,1,-
DA:14,3
DA:16,0
DA:19,12
DA:20,12
BRDA:20,2,0,4
BRDA:20,2,1,-
DA:21,4
DA:22,8
BRDA:22,3,0,4
BRDA:22,3,1,-
DA:23,4
DA:24,4
BRDA:24,4,0,4
BRDA:24,4,1,-
DA:25,4
DA:27,0
DA:29,12
DA:32,4
FN:32,ExecutionManager._executeCall
FNDA:4,ExecutionManager._executeCall
DA:33,4
DA:34,4
DA:35,4
BRDA:35,5,0,2
DA:36,2
DA:40,4
FN:40,ExecutionManager._executeDelegateCall
FNDA:4,ExecutionManager._executeDelegateCall
DA:41,4
DA:42,4
DA:43,4
BRDA:43,6,0,2
DA:44,2
DA:48,4
FN:48,ExecutionManager._executeBatchCall
FNDA:4,ExecutionManager._executeBatchCall
DA:49,4
DA:50,4
DA:51,4
DA:53,4
DA:54,8
DA:55,8
DA:56,8
BRDA:56,7,0,2
DA:57,2
DA:63,3
FN:63,ExecutionManager._onRevertThrow
FNDA:3,ExecutionManager._onRevertThrow
DA:66,3
DA:67,3
DA:71,3
FN:71,ExecutionManager._onRevertSilent
FNDA:3,ExecutionManager._onRevertSilent
DA:74,12
FN:74,ExecutionManager._call
FNDA:12,ExecutionManager._call
DA:77,12
DA:78,12
DA:79,12
DA:83,4
FN:83,ExecutionManager._delegateCall
FNDA:4,ExecutionManager._delegateCall
DA:86,4
DA:87,4
DA:89,4
FNF:8
FNH:8
LF:49
LH:47
BRF:13
BRH:8
end_of_record
TN:
SF:src/core/ExecutorManager.sol
DA:17,17
FN:17,ExecutorManager._executorStorage
FNDA:17,ExecutorManager._executorStorage
DA:19,17
DA:23,0
FN:23,ExecutorManager.executorConfig
FNDA:0,ExecutorManager.executorConfig
DA:24,0
DA:27,17
FN:27,ExecutorManager._executorConfig
FNDA:17,ExecutorManager._executorConfig
DA:28,17
DA:31,14
FN:31,ExecutorManager._installExecutor
FNDA:14,ExecutorManager._installExecutor
DA:33,14
DA:34,14
BRDA:34,0,0,14
DA:35,14
DA:37,14
DA:40,0
FN:40,ExecutorManager._uninstallExecutor
FNDA:0,ExecutorManager._uninstallExecutor
DA:41,0
FNF:5
FNH:3
LF:13
LH:9
BRF:1
BRH:1
end_of_record
TN:
SF:src/core/HookManager.sol
DA:14,0
FN:14,HookManager._installHook
FNDA:0,HookManager._installHook
DA:15,0
BRDA:15,0,0,-
DA:16,0
BRDA:16,1,0,-
BRDA:16,1,1,-
DA:20,0
FN:20,HookManager._uninstallHook
FNDA:0,HookManager._uninstallHook
DA:24,3
FN:24,HookManager._preHook
FNDA:3,HookManager._preHook
DA:25,3
BRDA:25,2,0,-
BRDA:25,2,1,3
DA:26,3
BRDA:26,3,0,-
DA:27,0
DA:30,3
FN:30,HookManager._postHook
FNDA:3,HookManager._postHook
DA:33,3
BRDA:33,4,0,-
DA:34,0
FNF:4
FNH:2
LF:11
LH:5
BRF:7
BRH:1
end_of_record
TN:
SF:src/core/ModuleManager.sol
DA:24,3
FN:24,ModuleManager.onlyExecutor
FNDA:3,ModuleManager.onlyExecutor
DA:25,3
DA:26,3
DA:28,3
DA:31,0
FN:31,ModuleManager._initialized
FNDA:0,ModuleManager._initialized
DA:32,0
DA:35,0
FN:35,ModuleManager._installHash
FNDA:0,ModuleManager._installHash
DA:36,0
DA:37,0
DA:38,0
DA:39,0
DA:43,0
DA:46,15
FN:46,ModuleManager._installModule
FNDA:15,ModuleManager._installModule
DA:49,15
DA:50,15
BRDA:50,0,0,1
BRDA:50,0,1,-
DA:51,1
DA:52,14
BRDA:52,1,0,14
BRDA:52,1,1,-
DA:53,14
DA:54,0
BRDA:54,2,0,-
BRDA:54,2,1,-
DA:55,0
DA:56,0
BRDA:56,3,0,-
BRDA:56,3,1,-
DA:57,0
DA:58,0
BRDA:58,4,0,-
BRDA:58,4,1,-
DA:59,0
DA:60,0
BRDA:60,5,0,-
BRDA:60,5,1,-
DA:61,0
DA:63,0
DA:65,15
DA:66,15
DA:69,0
FN:69,ModuleManager._install
FNDA:0,ModuleManager._install
DA:70,0
DA:71,0
DA:72,0
DA:76,15
FN:76,ModuleManager._install
FNDA:15,ModuleManager._install
DA:82,15
DA:83,15
DA:86,0
FN:86,ModuleManager._uninstall
FNDA:0,ModuleManager._uninstall
DA:93,0
DA:94,0
FNF:7
FNH:3
LF:39
LH:15
BRF:12
BRH:2
end_of_record
TN:
SF:src/core/SelectorManager.sol
DA:26,0
FN:26,SelectorManager.selectorConfig
FNDA:0,SelectorManager.selectorConfig
DA:27,0
DA:30,0
FN:30,SelectorManager._selectorConfig
FNDA:0,SelectorManager._selectorConfig
DA:31,0
DA:34,0
FN:34,SelectorManager._selectorStorage
FNDA:0,SelectorManager._selectorStorage
DA:35,0
DA:37,0
DA:41,0
FN:41,SelectorManager._installSelector
FNDA:0,SelectorManager._installSelector
DA:42,0
DA:43,0
BRDA:43,0,0,-
BRDA:43,0,1,-
DA:44,0
DA:45,0
DA:46,0
DA:47,0
DA:48,0
DA:49,0
FNF:4
FNH:0
LF:16
LH:0
BRF:2
BRH:0
end_of_record
TN:
SF:src/core/ValidationManager.sol
DA:44,1
FN:44,ValidationManager._validationStorage
FNDA:1,ValidationManager._validationStorage
DA:46,1
DA:50,1
FN:50,ValidationManager._installValidator
FNDA:1,ValidationManager._installValidator
DA:51,1
BRDA:51,0,0,-
BRDA:51,0,1,1
DA:52,1
DA:53,1
DA:56,0
FN:56,ValidationManager._uninstallValidator
FNDA:0,ValidationManager._uninstallValidator
DA:59,0
DA:60,0
DA:63,0
FN:63,ValidationManager._installPolicy
FNDA:0,ValidationManager._installPolicy
DA:64,0
BRDA:64,1,0,-
BRDA:64,1,1,-
DA:65,0
DA:66,0
DA:67,0
BRDA:67,2,0,-
BRDA:67,2,1,-
DA:68,0
BRDA:68,3,0,-
BRDA:68,3,1,-
DA:69,0
DA:70,0
DA:72,0
BRDA:72,4,0,-
BRDA:72,4,1,-
DA:74,0
DA:77,0
FN:77,ValidationManager._uninstallPolicy
FNDA:0,ValidationManager._uninstallPolicy
DA:80,0
FN:80,ValidationManager._installSigner
FNDA:0,ValidationManager._installSigner
DA:81,0
BRDA:81,5,0,-
BRDA:81,5,1,-
DA:82,0
DA:83,0
DA:84,0
BRDA:84,6,0,-
BRDA:84,6,1,-
DA:85,0
BRDA:85,7,0,-
BRDA:85,7,1,-
DA:86,0
BRDA:86,8,0,-
BRDA:86,8,1,-
DA:87,0
DA:88,0
DA:90,0
BRDA:90,9,0,-
BRDA:90,9,1,-
DA:92,0
DA:94,0
DA:97,0
FN:97,ValidationManager._uninstallSigner
FNDA:0,ValidationManager._uninstallSigner
DA:100,0
FN:100,ValidationManager._checkValidation
FNDA:0,ValidationManager._checkValidation
DA:101,0
DA:102,0
DA:103,0
BRDA:103,10,0,-
BRDA:103,10,1,-
DA:104,0
DA:106,0
DA:107,0
BRDA:107,11,0,-
BRDA:107,11,1,-
DA:111,0
FN:111,ValidationManager._parseNonce
FNDA:0,ValidationManager._parseNonce
DA:120,0
DA:121,0
DA:122,0
DA:126,0
FN:126,ValidationManager._verifySignature
FNDA:0,ValidationManager._verifySignature
DA:131,0
BRDA:131,12,0,-
DA:132,0
DA:134,0
DA:135,0
DA:138,0
FN:138,ValidationManager._validateUserOp
FNDA:0,ValidationManager._validateUserOp
DA:139,0
BRDA:139,13,0,-
DA:140,0
DA:144,0
FN:144,ValidationManager._verify7702Signature
FNDA:0,ValidationManager._verify7702Signature
DA:145,0
DA:148,0
FN:148,ValidationManager._setRoot
FNDA:0,ValidationManager._setRoot
DA:149,0
DA:150,0
BRDA:150,14,0,-
BRDA:150,14,1,-
DA:151,0
DA:152,0
BRDA:152,15,0,-
BRDA:152,15,1,-
DA:153,0
DA:155,0
DA:157,0
DA:160,0
FN:160,ValidationManager._setRoot
FNDA:0,ValidationManager._setRoot
DA:161,0
DA:162,0
FNF:14
FNH:2
LF:65
LH:6
BRF:30
BRH:1
end_of_record
TN:
SF:test/Kernel.t.sol
DA:14,1
FN:14,MockValidator.onInstall
FNDA:1,MockValidator.onInstall
DA:15,1
DA:18,0
FN:18,MockValidator.onUninstall
FNDA:0,MockValidator.onUninstall
DA:19,0
DA:28,8
FN:28,MockCallee.foo
FNDA:8,MockCallee.foo
DA:29,8
DA:30,8
DA:33,2
FN:33,MockCallee.lorem
FNDA:2,MockCallee.lorem
DA:34,2
DA:37,6
FN:37,MockCallee.forceRevert
FNDA:6,MockCallee.forceRevert
DA:38,6
FNF:5
FNH:4
LF:11
LH:9
BRF:0
BRH:0
end_of_record
TN:
SF:test/utils/EntryPointLib.sol
DA:11,14
FN:11,EntryPointLib.deploy
FNDA:14,EntryPointLib.deploy
DA:12,14
DA:13,14
BRDA:13,0,0,-
BRDA:13,0,1,14
DA:14,14
FNF:1
FNH:1
LF:4
LH:4
BRF:2
BRH:1
end_of_record
